  Game.cpp
Game.obj : error LNK2019: símbolo externo não resolvido, "__declspec(dllimport) public: __thiscall sf::String::String(char const *,class std::locale const &)" (__imp_??0String@sf@@QAE@PBDABVlocale@std@@@Z), referenciado na função "private: void __thiscall Game::InitWindow(void)" (?InitWindow@Game@@AAEXXZ)
Game.obj : error LNK2019: símbolo externo não resolvido, "__declspec(dllimport) public: __thiscall sf::String::~String(void)" (__imp_??1String@sf@@QAE@XZ), referenciado na função "private: void __thiscall Game::InitWindow(void)" (?InitWindow@Game@@AAEXXZ)
Game.obj : error LNK2019: símbolo externo não resolvido, "__declspec(dllimport) public: __thiscall sf::VideoMode::VideoMode(unsigned int,unsigned int,unsigned int)" (__imp_??0VideoMode@sf@@QAE@III@Z), referenciado na função "private: void __thiscall Game::InitWindow(void)" (?InitWindow@Game@@AAEXXZ)
Game.obj : error LNK2019: símbolo externo não resolvido, "__declspec(dllimport) public: void __thiscall sf::Window::close(void)" (__imp_?close@Window@sf@@QAEXXZ), referenciado na função "private: void __thiscall Game::PollEvents(void)" (?PollEvents@Game@@AAEXXZ)
Game.obj : error LNK2019: símbolo externo não resolvido, "__declspec(dllimport) public: bool __thiscall sf::Window::isOpen(void)const " (__imp_?isOpen@Window@sf@@QBE_NXZ), referenciado na função "public: bool const __thiscall Game::GetIsRunning(void)const " (?GetIsRunning@Game@@QBE?B_NXZ)
Game.obj : error LNK2019: símbolo externo não resolvido, "__declspec(dllimport) public: bool __thiscall sf::Window::pollEvent(class sf::Event &)" (__imp_?pollEvent@Window@sf@@QAE_NAAVEvent@2@@Z), referenciado na função "private: void __thiscall Game::PollEvents(void)" (?PollEvents@Game@@AAEXXZ)
Game.obj : error LNK2019: símbolo externo não resolvido, "__declspec(dllimport) public: void __thiscall sf::Window::display(void)" (__imp_?display@Window@sf@@QAEXXZ), referenciado na função "public: void __thiscall Game::Render(void)" (?Render@Game@@QAEXXZ)
Game.obj : error LNK2019: símbolo externo não resolvido, "__declspec(dllimport) public: void __thiscall sf::RenderTarget::clear(class sf::Color const &)" (__imp_?clear@RenderTarget@sf@@QAEXABVColor@2@@Z), referenciado na função "public: void __thiscall Game::Render(void)" (?Render@Game@@QAEXXZ)
Game.obj : error LNK2019: símbolo externo não resolvido, "__declspec(dllimport) public: __thiscall sf::RenderWindow::RenderWindow(class sf::VideoMode,class sf::String const &,unsigned int,struct sf::ContextSettings const &)" (__imp_??0RenderWindow@sf@@QAE@VVideoMode@1@ABVString@1@IABUContextSettings@1@@Z), referenciado na função "private: void __thiscall Game::InitWindow(void)" (?InitWindow@Game@@AAEXXZ)
Game.obj : error LNK2019: símbolo externo não resolvido, "__declspec(dllimport) public: virtual __thiscall sf::RenderWindow::~RenderWindow(void)" (__imp_??1RenderWindow@sf@@UAE@XZ), referenciado na função "public: virtual void * __thiscall sf::RenderWindow::`scalar deleting destructor'(unsigned int)" (??_GRenderWindow@sf@@UAEPAXI@Z)
Game.obj : error LNK2001: símbolo externo não resolvido "public: virtual class sf::Vector2<unsigned int> __thiscall sf::RenderWindow::getSize(void)const " (?getSize@RenderWindow@sf@@UBE?AV?$Vector2@I@2@XZ)
Game.obj : error LNK2001: símbolo externo não resolvido "public: virtual bool __thiscall sf::RenderWindow::setActive(bool)" (?setActive@RenderWindow@sf@@UAE_N_N@Z)
Game.obj : error LNK2001: símbolo externo não resolvido "protected: virtual void __thiscall sf::RenderWindow::onCreate(void)" (?onCreate@RenderWindow@sf@@MAEXXZ)
Game.obj : error LNK2001: símbolo externo não resolvido "protected: virtual void __thiscall sf::RenderWindow::onResize(void)" (?onResize@RenderWindow@sf@@MAEXXZ)
Game.obj : error LNK2019: símbolo externo não resolvido, "__declspec(dllimport) public: static class sf::Color const sf::Color::Black" (__imp_?Black@Color@sf@@2V12@B), referenciado na função "public: void __thiscall Game::Render(void)" (?Render@Game@@QAEXXZ)
D:\Aplicativos\Visual Studio Community\Projetos\Chess\\External\lib\sfml-system-d.lib : warning LNK4272: o tipo de máquina da biblioteca 'x64' está em conflito com o tipo de máquina de destino 'x86'
D:\Aplicativos\Visual Studio Community\Projetos\Chess\\External\lib\sfml-graphics-d.lib : warning LNK4272: o tipo de máquina da biblioteca 'x64' está em conflito com o tipo de máquina de destino 'x86'
D:\Aplicativos\Visual Studio Community\Projetos\Chess\\External\lib\sfml-window-d.lib : warning LNK4272: o tipo de máquina da biblioteca 'x64' está em conflito com o tipo de máquina de destino 'x86'
D:\Aplicativos\Visual Studio Community\Projetos\Chess\\External\lib\sfml-audio-d.lib : warning LNK4272: o tipo de máquina da biblioteca 'x64' está em conflito com o tipo de máquina de destino 'x86'
D:\Aplicativos\Visual Studio Community\Projetos\Chess\\External\lib\sfml-network-d.lib : warning LNK4272: o tipo de máquina da biblioteca 'x64' está em conflito com o tipo de máquina de destino 'x86'
D:\Aplicativos\Visual Studio Community\Projetos\Chess\Debug\Chess.exe : fatal error LNK1120: 15 externo não resolvidos
